Arguments: 
  /Users/hmrwiper/.nvm/versions/node/v16.13.1/bin/node /usr/local/bin/yarn

PATH: 
  /Users/hmrwiper/.nvm/versions/node/v16.13.1/bin:/usr/local/bin:/usr/bin:/bin:/usr/sbin:/sbin:/Applications/Visual\ Studio\ Code.app/Contents/Resources/app/bin/:/Users/hmrwiper/.nvm/versions/node/v16.13.1/bin

Yarn version: 
  1.22.17

Node version: 
  16.13.1

Platform: 
  darwin x64

Trace: 
  SyntaxError: /Users/hmrwiper/visit-handler/client/package.json: Unexpected token / in JSON at position 133
      at JSON.parse (<anonymous>)
      at /usr/local/lib/node_modules/yarn/lib/cli.js:1625:59
      at Generator.next (<anonymous>)
      at step (/usr/local/lib/node_modules/yarn/lib/cli.js:310:30)
      at /usr/local/lib/node_modules/yarn/lib/cli.js:321:13

npm manifest: 
  {
    "name": "client",
    "version": "0.0.0",
    "scripts": {
      "dev": "vite",
      "build": "vite build"
    },
    "dependencies": {
      // "dotenv-webpack": "^8.0.1",
      "vue": "^3.0.4"
    },
    "devDependencies": {
      "@vue/compiler-sfc": "^3.0.4",
      "vite": "^1.0.0-rc.13"
    }
  }

yarn manifest: 
  No manifest

Lockfile: 
  No lockfile
